<?xml version="1.0" encoding="UTF-8"?>
<!-- Generated by org.testng.reporters.JUnitReportReporter -->
<testsuite hostname="Abhijith" failures="0" tests="1" name="cars.Lamborghini" time="2.684" errors="0" timestamp="2024-06-22T10:13:49 IST" skipped="0">
  <testcase classname="cars.Lamborghini" name="launchLamborghini" time="2.684">
    <system-out>
      <![CDATA[Lamborghini launched successfully]]>
    </system-out>
  </testcase> <!-- launchLamborghini -->
  <system-out>
    <![CDATA[Lamborghini launched successfully
Ferrari launched successfully]]>
  </system-out>
</testsuite> <!-- cars.Lamborghini -->
