<?xml version="1.0" encoding="UTF-8"?>
<!-- Generated by org.testng.reporters.JUnitReportReporter -->
<testsuite hostname="Abhijith" failures="0" tests="5" name="dataprovider.DemoWebshopSearch" time="21.259" errors="0" timestamp="2024-06-25T09:37:17 IST" skipped="0">
  <testcase classname="dataprovider.DemoWebshopSearch" name="search" time="6.235"/>
  <testcase classname="dataprovider.DemoWebshopSearch" name="search" time="4.267"/>
  <testcase classname="dataprovider.DemoWebshopSearch" name="search" time="3.384"/>
  <testcase classname="dataprovider.DemoWebshopSearch" name="search" time="3.905"/>
  <testcase classname="dataprovider.DemoWebshopSearch" name="search" time="3.468"/>
</testsuite> <!-- dataprovider.DemoWebshopSearch -->
