<?xml version="1.0" encoding="UTF-8"?>
<!-- Generated by org.testng.reporters.JUnitReportReporter -->
<testsuite hostname="Abhijith" failures="0" tests="1" name="cars.TataMotor" time="4.304" errors="0" timestamp="2024-06-22T10:14:23 IST" skipped="0">
  <testcase classname="cars.TataMotor" name="launchTataMotor" time="4.304">
    <system-out>
      <![CDATA[TataMotor launched successfully]]>
    </system-out>
  </testcase> <!-- launchTataMotor -->
  <system-out>
    <![CDATA[TataMotor launched successfully
Mahindra launched successfully]]>
  </system-out>
</testsuite> <!-- cars.TataMotor -->
