<?xml version="1.0" encoding="UTF-8"?>
<!-- Generated by org.testng.reporters.JUnitReportReporter -->
<testsuite hostname="Abhijith" failures="0" tests="2" name="dataprovider.TestScript" time="9.641" errors="0" timestamp="2024-06-25T09:17:06 IST" skipped="0">
  <testcase classname="dataprovider.TestScript" name="loginToApp" time="2.464"/>
  <testcase classname="dataprovider.TestScript" name="loginToApp" time="7.177"/>
</testsuite> <!-- dataprovider.TestScript -->
