<?xml version="1.0" encoding="UTF-8"?>
<!-- Generated by org.testng.reporters.JUnitReportReporter -->
<testsuite hostname="Abhijith" failures="0" tests="5" name="testng.Sample" time="18.804" errors="0" timestamp="2024-06-22T09:24:10 IST" skipped="1">
  <testcase classname="testng.Sample" name="register" time="4.985">
    <system-out>
      <![CDATA[register test case is executed]]>
    </system-out>
  </testcase> <!-- register -->
  <testcase classname="testng.Sample" name="register" time="5.072">
    <system-out>
      <![CDATA[register test case is executed]]>
    </system-out>
  </testcase> <!-- register -->
  <testcase classname="testng.Sample" name="register" time="4.985">
    <system-out>
      <![CDATA[register test case is executed]]>
    </system-out>
  </testcase> <!-- register -->
  <testcase classname="testng.Sample" name="register" time="3.762">
    <system-out>
      <![CDATA[register test case is executed]]>
    </system-out>
  </testcase> <!-- register -->
  <testcase classname="testng.Sample" name="login">
    <skipped/>
  </testcase> <!-- login -->
  <system-out>
    <![CDATA[register test case is executed
register test case is executed
register test case is executed
register test case is executed]]>
  </system-out>
</testsuite> <!-- testng.Sample -->
