<?xml version="1.0" encoding="UTF-8"?>
<!-- Generated by org.testng.reporters.JUnitReportReporter -->
<testsuite hostname="Abhijith" failures="0" tests="2" name="testng.ConfigurationAnnotations" time="0.010" errors="0" timestamp="2024-06-24T09:53:35 IST" skipped="0">
  <testcase classname="testng.ConfigurationAnnotations" name="sample" time="0.002">
    <system-out>
      <![CDATA[@Test(sample)]]>
    </system-out>
  </testcase> <!-- sample -->
  <testcase classname="testng.ConfigurationAnnotations" name="demo" time="0.008">
    <system-out>
      <![CDATA[@Test(demo)]]>
    </system-out>
  </testcase> <!-- demo -->
  <system-out>
    <![CDATA[@BeforeSuite
@BeforeTest
@BeforeClass
@BeforeMethod
@Test(demo)
@AfterMethod
@BeforeMethod
@Test(sample)
@AfterMethod
@AfterClass
@AfterTest
@AfterSuite]]>
  </system-out>
</testsuite> <!-- testng.ConfigurationAnnotations -->
