<?xml version="1.0" encoding="UTF-8"?>
<!-- Generated by org.testng.reporters.JUnitReportReporter -->
<testsuite hostname="Abhijith" failures="0" tests="2" name="testng.DependsOnMethods" time="6.441" errors="0" timestamp="2024-06-22T09:28:02 IST" skipped="0">
  <testcase classname="testng.DependsOnMethods" name="login" time="2.751">
    <system-out>
      <![CDATA[login testcase executed]]>
    </system-out>
  </testcase> <!-- login -->
  <testcase classname="testng.DependsOnMethods" name="register" time="3.690">
    <system-out>
      <![CDATA[register test case is executed]]>
    </system-out>
  </testcase> <!-- register -->
  <system-out>
    <![CDATA[register test case is executed
login testcase executed]]>
  </system-out>
</testsuite> <!-- testng.DependsOnMethods -->
