<?xml version="1.0" encoding="UTF-8"?>
<!-- Generated by org.testng.reporters.JUnitReportReporter -->
<testsuite hostname="Abhijith" failures="0" tests="1" name="cars.Ferrari" time="3.770" errors="0" timestamp="2024-06-22T10:19:11 IST" skipped="0">
  <testcase classname="cars.Ferrari" name="launchFerrari" time="3.770">
    <system-out>
      <![CDATA[Ferrari launched successfully]]>
    </system-out>
  </testcase> <!-- launchFerrari -->
  <system-out>
    <![CDATA[Ferrari launched successfully]]>
  </system-out>
</testsuite> <!-- cars.Ferrari -->
