<?xml version="1.0" encoding="UTF-8"?>
<!-- Generated by org.testng.reporters.JUnitReportReporter -->
<testsuite hostname="Abhijith" failures="0" tests="1" name="cars.Mahindra" time="2.404" errors="0" timestamp="2024-06-22T10:14:23 IST" skipped="0">
  <testcase classname="cars.Mahindra" name="launchMahindra" time="2.404">
    <system-out>
      <![CDATA[Mahindra launched successfully]]>
    </system-out>
  </testcase> <!-- launchMahindra -->
  <system-out>
    <![CDATA[TataMotor launched successfully
Mahindra launched successfully]]>
  </system-out>
</testsuite> <!-- cars.Mahindra -->
